2020-12-22 11:37:46,238 INFO o.a.j.u.JMeterUtils: Setting Locale to en_EN
2020-12-22 11:37:46,283 INFO o.a.j.JMeter: Loading user properties from: /usr/local/Cellar/jmeter/5.3/libexec/bin/user.properties
2020-12-22 11:37:46,284 INFO o.a.j.JMeter: Loading system properties from: /usr/local/Cellar/jmeter/5.3/libexec/bin/system.properties
2020-12-22 11:37:46,287 INFO o.a.j.JMeter: Copyright (c) 1998-2020 The Apache Software Foundation
2020-12-22 11:37:46,287 INFO o.a.j.JMeter: Version 5.3
2020-12-22 11:37:46,287 INFO o.a.j.JMeter: java.version=11.0.1
2020-12-22 11:37:46,287 INFO o.a.j.JMeter: java.vm.name=Java HotSpot(TM) 64-Bit Server VM
2020-12-22 11:37:46,287 INFO o.a.j.JMeter: os.name=Mac OS X
2020-12-22 11:37:46,287 INFO o.a.j.JMeter: os.arch=x86_64
2020-12-22 11:37:46,287 INFO o.a.j.JMeter: os.version=10.16
2020-12-22 11:37:46,288 INFO o.a.j.JMeter: file.encoding=UTF-8
2020-12-22 11:37:46,288 INFO o.a.j.JMeter: java.awt.headless=null
2020-12-22 11:37:46,288 INFO o.a.j.JMeter: Max memory     =4294967296
2020-12-22 11:37:46,288 INFO o.a.j.JMeter: Available Processors =8
2020-12-22 11:37:46,306 INFO o.a.j.JMeter: Default Locale=English (EN)
2020-12-22 11:37:46,306 INFO o.a.j.JMeter: JMeter  Locale=English (EN)
2020-12-22 11:37:46,306 INFO o.a.j.JMeter: JMeterHome=/usr/local/Cellar/jmeter/5.3/libexec
2020-12-22 11:37:46,306 INFO o.a.j.JMeter: user.dir  =/Users/joshuamoesa/Documents/Github/joshuamoesa/tibco-businessworkscontaineredition/AppDynamicsDemo/docker/publisher
2020-12-22 11:37:46,307 INFO o.a.j.JMeter: PWD       =/Users/joshuamoesa/Documents/Github/joshuamoesa/tibco-businessworkscontaineredition/AppDynamicsDemo/docker/publisher
2020-12-22 11:37:46,315 INFO o.a.j.JMeter: IP: 192.168.178.64 Name: Joshuas-MBP.fritz.box FullName: joshuas-mbp.fritz.box
2020-12-22 11:37:47,039 INFO o.a.j.JMeter: Setting LAF to: laf:javax.swing.plaf.metal.MetalLookAndFeel
2020-12-22 11:37:48,702 INFO o.a.j.JMeter: Loaded icon properties from org/apache/jmeter/images/icon.properties
2020-12-22 11:37:50,136 INFO o.j.r.JARSourceHTTP: Found cached repo
2020-12-22 11:37:50,444 INFO o.j.r.PluginManager: Plugins Status: [jpgc-plugins-manager=1.3, jmeter-core=5.3, jmeter-ftp=5.3, jmeter-http=5.3, jmeter-jdbc=5.3, jmeter-jms=5.3, jmeter-junit=5.3, jmeter-java=5.3, jmeter-ldap=5.3, jmeter-mail=5.3, jmeter-mongodb=5.3, jmeter-native=5.3, jmeter-tcp=5.3, jmeter-components=5.3]
2020-12-22 11:37:50,446 INFO o.j.r.PluginManagerMenuItem: Plugins Manager has upgrades: [jpgc-plugins-manager]
2020-12-22 11:37:57,818 INFO o.a.j.s.FileServer: Default base='/Users/joshuamoesa/Documents/Github/joshuamoesa/tibco-businessworkscontaineredition/AppDynamicsDemo/docker/publisher'
2020-12-22 11:37:57,824 INFO o.a.j.g.a.Load: Loading file: /Users/joshuamoesa/Documents/Github/joshuamoesa/tibco-businessworkscontaineredition/AppDynamicsDemo/resources/JMeter/Test Plan.jmx
2020-12-22 11:37:57,824 INFO o.a.j.s.FileServer: Set new base='/Users/joshuamoesa/Documents/Github/joshuamoesa/tibco-businessworkscontaineredition/AppDynamicsDemo/resources/JMeter'
2020-12-22 11:37:58,086 INFO o.a.j.s.SaveService: Testplan (JMX) version: 2.2. Testlog (JTL) version: 2.2
2020-12-22 11:37:58,098 INFO o.a.j.s.SaveService: Using SaveService properties version 5.0
2020-12-22 11:37:58,100 INFO o.a.j.s.SaveService: Using SaveService properties file encoding UTF-8
2020-12-22 11:37:58,101 INFO o.a.j.s.SaveService: Loading file: /Users/joshuamoesa/Documents/Github/joshuamoesa/tibco-businessworkscontaineredition/AppDynamicsDemo/resources/JMeter/Test Plan.jmx
2020-12-22 11:37:58,279 INFO o.a.j.p.h.s.HTTPSamplerBase: Parser for text/html is org.apache.jmeter.protocol.http.parser.LagartoBasedHtmlParser
2020-12-22 11:37:58,279 INFO o.a.j.p.h.s.HTTPSamplerBase: Parser for application/xhtml+xml is org.apache.jmeter.protocol.http.parser.LagartoBasedHtmlParser
2020-12-22 11:37:58,280 INFO o.a.j.p.h.s.HTTPSamplerBase: Parser for application/xml is org.apache.jmeter.protocol.http.parser.LagartoBasedHtmlParser
2020-12-22 11:37:58,280 INFO o.a.j.p.h.s.HTTPSamplerBase: Parser for text/xml is org.apache.jmeter.protocol.http.parser.LagartoBasedHtmlParser
2020-12-22 11:37:58,280 INFO o.a.j.p.h.s.HTTPSamplerBase: Parser for text/vnd.wap.wml is org.apache.jmeter.protocol.http.parser.RegexpHTMLParser
2020-12-22 11:37:58,280 INFO o.a.j.p.h.s.HTTPSamplerBase: Parser for text/css is org.apache.jmeter.protocol.http.parser.CssParser
2020-12-22 11:37:58,439 INFO o.a.j.s.SampleResult: Note: Sample TimeStamps are START times
2020-12-22 11:37:58,439 INFO o.a.j.s.SampleResult: sampleresult.default.encoding is set to ISO-8859-1
2020-12-22 11:37:58,439 INFO o.a.j.s.SampleResult: sampleresult.useNanoTime=true
2020-12-22 11:37:58,439 INFO o.a.j.s.SampleResult: sampleresult.nanoThreadSleep=5000
2020-12-22 11:37:58,725 INFO o.a.j.v.ViewResultsFullVisualizer: Add JavaFX to your Java installation if you want to use renderer: org.apache.jmeter.visualizers.RenderInBrowser
2020-12-22 11:37:58,895 INFO o.a.j.s.FileServer: Set new base='/Users/joshuamoesa/Documents/Github/joshuamoesa/tibco-businessworkscontaineredition/AppDynamicsDemo/resources/JMeter'
2020-12-22 11:38:01,641 INFO o.a.j.e.StandardJMeterEngine: Running the test!
2020-12-22 11:38:01,642 INFO o.a.j.s.SampleEvent: List of sample_variables: []
2020-12-22 11:38:01,643 INFO o.a.j.s.SampleEvent: List of sample_variables: []
2020-12-22 11:38:01,645 INFO o.a.j.e.u.CompoundVariable: Note: Function class names must contain the string: '.functions.'
2020-12-22 11:38:01,645 INFO o.a.j.e.u.CompoundVariable: Note: Function class names must not contain the string: '.gui.'
2020-12-22 11:38:02,102 INFO o.a.j.g.u.JMeterMenuBar: setRunning(true, *local*)
2020-12-22 11:38:02,178 INFO o.a.j.e.StandardJMeterEngine: Starting ThreadGroup: 1 : Thread Group
2020-12-22 11:38:02,179 INFO o.a.j.e.StandardJMeterEngine: Starting 1 threads for group Thread Group.
2020-12-22 11:38:02,179 INFO o.a.j.e.StandardJMeterEngine: Thread will continue on error
2020-12-22 11:38:02,180 INFO o.a.j.t.ThreadGroup: Starting thread group... number=1 threads=1 ramp-up=5 delayedStart=false
2020-12-22 11:38:02,184 INFO o.a.j.t.ThreadGroup: Started thread group number 1
2020-12-22 11:38:02,184 INFO o.a.j.e.StandardJMeterEngine: All thread groups have been started
2020-12-22 11:38:02,187 INFO o.a.j.t.JMeterThread: Thread started: Thread Group 1-1
2020-12-22 11:38:04,202 INFO o.a.j.p.h.s.HTTPHCAbstractImpl: Local host = Joshuas-MBP.fritz.box
2020-12-22 11:38:04,209 INFO o.a.j.p.h.s.HTTPHC4Impl: HTTP request retry count = 0
2020-12-22 11:38:30,146 INFO o.a.j.g.a.Start: Shutting test down
2020-12-22 11:38:30,172 INFO o.a.j.t.JMeterThread: Stopping: Thread Group 1-1
2020-12-22 11:38:30,457 INFO o.a.j.t.JMeterThread: Thread finished: Thread Group 1-1
2020-12-22 11:38:30,459 INFO o.a.j.e.StandardJMeterEngine: Notifying test listeners of end of test
2020-12-22 11:38:30,459 INFO o.a.j.g.u.JMeterMenuBar: setRunning(false, *local*)
2020-12-22 11:41:50,515 INFO o.a.j.e.StandardJMeterEngine: Running the test!
2020-12-22 11:41:50,516 INFO o.a.j.s.SampleEvent: List of sample_variables: []
2020-12-22 11:41:50,519 INFO o.a.j.g.u.JMeterMenuBar: setRunning(true, *local*)
2020-12-22 11:41:50,570 INFO o.a.j.e.StandardJMeterEngine: Starting ThreadGroup: 1 : Thread Group
2020-12-22 11:41:50,570 INFO o.a.j.e.StandardJMeterEngine: Starting 1 threads for group Thread Group.
2020-12-22 11:41:50,570 INFO o.a.j.e.StandardJMeterEngine: Thread will continue on error
2020-12-22 11:41:50,570 INFO o.a.j.t.ThreadGroup: Starting thread group... number=1 threads=1 ramp-up=5 delayedStart=false
2020-12-22 11:41:50,572 INFO o.a.j.t.ThreadGroup: Started thread group number 1
2020-12-22 11:41:50,572 INFO o.a.j.e.StandardJMeterEngine: All thread groups have been started
2020-12-22 11:41:50,572 INFO o.a.j.t.JMeterThread: Thread started: Thread Group 1-1
2020-12-22 17:33:23,611 INFO o.a.j.g.a.Start: Shutting test down
2020-12-22 17:33:23,669 INFO o.a.j.t.JMeterThread: Stopping: Thread Group 1-1
2020-12-22 17:33:24,441 INFO o.a.j.t.JMeterThread: Thread finished: Thread Group 1-1
2020-12-22 17:33:24,442 INFO o.a.j.e.StandardJMeterEngine: Notifying test listeners of end of test
2020-12-22 17:33:24,446 INFO o.a.j.g.u.JMeterMenuBar: setRunning(false, *local*)
